<?xml version="1.0" encoding="UTF-8"?>
<testng-results ignored="0" total="1" passed="1" failed="0" skipped="0">
  <reporter-output>
  </reporter-output>
  <suite started-at="2026-01-18T12:13:52 IST" name="Suite" finished-at="2026-01-18T12:14:05 IST" duration-ms="13873">
    <groups>
    </groups>
    <test started-at="2026-01-18T12:13:52 IST" name="Test" finished-at="2026-01-18T12:14:05 IST" duration-ms="13873">
      <class name="scripts.TestCase2">
        <test-method is-config="true" signature="openApp()[pri:0, instance:scripts.TestCase2@1fa268de]" started-at="2026-01-18T12:13:52 IST" name="openApp" finished-at="2026-01-18T12:13:57 IST" duration-ms="5610" status="PASS">
          <reporter-output>
          </reporter-output>
        </test-method> <!-- openApp -->
        <test-method signature="tc2()[pri:0, instance:scripts.TestCase2@1fa268de]" started-at="2026-01-18T12:13:57 IST" name="tc2" finished-at="2026-01-18T12:14:05 IST" duration-ms="7859" status="PASS">
          <reporter-output>
          </reporter-output>
        </test-method> <!-- tc2 -->
        <test-method is-config="true" signature="closeApp(org.testng.ITestResult)[pri:0, instance:scripts.TestCase2@1fa268de]" started-at="2026-01-18T12:14:05 IST" name="closeApp" finished-at="2026-01-18T12:14:05 IST" duration-ms="317" status="PASS">
          <params>
            <param index="0">
              <value>
                <![CDATA[[TestResult name=tc2 status=SUCCESS method=TestCase2.tc2()[pri:0, instance:scripts.TestCase2@1fa268de] output={null}]]]>
              </value>
            </param>
          </params>
          <reporter-output>
          </reporter-output>
        </test-method> <!-- closeApp -->
      </class> <!-- scripts.TestCase2 -->
    </test> <!-- Test -->
  </suite> <!-- Suite -->
</testng-results>
