<?xml version="1.0" encoding="UTF-8"?>
<testng-results ignored="0" total="1" passed="1" failed="0" skipped="0">
  <reporter-output>
  </reporter-output>
  <suite started-at="2026-01-15T18:37:17 IST" name="Suite" finished-at="2026-01-15T18:37:29 IST" duration-ms="12705">
    <groups>
    </groups>
    <test started-at="2026-01-15T18:37:17 IST" name="Test" finished-at="2026-01-15T18:37:29 IST" duration-ms="12705">
      <class name="scripts.TestCase2">
        <test-method is-config="true" signature="openApp()[pri:0, instance:scripts.TestCase2@79079097]" started-at="2026-01-15T18:37:17 IST" name="openApp" finished-at="2026-01-15T18:37:21 IST" duration-ms="4327" status="PASS">
          <reporter-output>
          </reporter-output>
        </test-method> <!-- openApp -->
        <test-method signature="tc2()[pri:0, instance:scripts.TestCase2@79079097]" started-at="2026-01-15T18:37:21 IST" name="tc2" finished-at="2026-01-15T18:37:29 IST" duration-ms="7979" status="PASS">
          <reporter-output>
          </reporter-output>
        </test-method> <!-- tc2 -->
        <test-method is-config="true" signature="closeApp(org.testng.ITestResult)[pri:0, instance:scripts.TestCase2@79079097]" started-at="2026-01-15T18:37:29 IST" name="closeApp" finished-at="2026-01-15T18:37:29 IST" duration-ms="305" status="PASS">
          <params>
            <param index="0">
              <value>
                <![CDATA[[TestResult name=tc2 status=SUCCESS method=TestCase2.tc2()[pri:0, instance:scripts.TestCase2@79079097] output={null}]]]>
              </value>
            </param>
          </params>
          <reporter-output>
          </reporter-output>
        </test-method> <!-- closeApp -->
      </class> <!-- scripts.TestCase2 -->
    </test> <!-- Test -->
  </suite> <!-- Suite -->
</testng-results>
